CRITICAL - 2026-06-26 23:50:01 --> Too few arguments to function CodeIgniter\View\Cell::__construct(), 0 passed in C:\xampp\htdocs\lab11_php_ci\ci4\system\View\Cell.php on line 83 and exactly 1 expected
in SYSTEMPATH\View\Cell.php on line 57.
 1 SYSTEMPATH\View\Cell.php(83): CodeIgniter\View\Cell->__construct()
 2 SYSTEMPATH\Common.php(1150): CodeIgniter\View\Cell->render('App\\Cells\\ArtikelTerkini::render', null, 0, 'AppCellsArtikelTerkinirenderdcca48101505dd86b703689a604fe3c4')
 3 APPPATH\Views\layout\main.php(24): view_cell('App\\Cells\\ArtikelTerkini::render')
 4 SYSTEMPATH\View\View.php(213): include('APPPATH\\Views\\layout\\main.php')
 5 SYSTEMPATH\View\View.php(216): CodeIgniter\View\View->CodeIgniter\View\{closure}()
 6 SYSTEMPATH\View\View.php(229): CodeIgniter\View\View->render('layout/main', [], true)
 7 SYSTEMPATH\Common.php(1134): CodeIgniter\View\View->render('home', [], true)
 8 APPPATH\Controllers\page.php(10): view('home', [...])
 9 SYSTEMPATH\CodeIgniter.php(927): App\Controllers\Page->home()
10 SYSTEMPATH\CodeIgniter.php(482): CodeIgniter\CodeIgniter->runController(Object(App\Controllers\Page))
11 SYSTEMPATH\CodeIgniter.php(351): CodeIgniter\CodeIgniter->handleRequest(null, Object(Config\Cache), false)
12 FCPATH\index.php(69): CodeIgniter\CodeIgniter->run()
13 SYSTEMPATH\Commands\Server\rewrite.php(46): require_once('FCPATH\\index.php')
CRITICAL - 2026-06-26 23:50:32 --> Too few arguments to function CodeIgniter\View\Cell::__construct(), 0 passed in C:\xampp\htdocs\lab11_php_ci\ci4\system\View\Cell.php on line 83 and exactly 1 expected
in SYSTEMPATH\View\Cell.php on line 57.
 1 SYSTEMPATH\View\Cell.php(83): CodeIgniter\View\Cell->__construct()
 2 SYSTEMPATH\Common.php(1150): CodeIgniter\View\Cell->render('App\\Cells\\ArtikelTerkini::render', null, 0, 'AppCellsArtikelTerkinirenderdcca48101505dd86b703689a604fe3c4')
 3 APPPATH\Views\layout\main.php(24): view_cell('App\\Cells\\ArtikelTerkini::render')
 4 SYSTEMPATH\View\View.php(213): include('APPPATH\\Views\\layout\\main.php')
 5 SYSTEMPATH\View\View.php(216): CodeIgniter\View\View->CodeIgniter\View\{closure}()
 6 SYSTEMPATH\View\View.php(229): CodeIgniter\View\View->render('layout/main', [], true)
 7 SYSTEMPATH\Common.php(1134): CodeIgniter\View\View->render('home', [], true)
 8 APPPATH\Controllers\page.php(10): view('home', [...])
 9 SYSTEMPATH\CodeIgniter.php(927): App\Controllers\Page->home()
10 SYSTEMPATH\CodeIgniter.php(482): CodeIgniter\CodeIgniter->runController(Object(App\Controllers\Page))
11 SYSTEMPATH\CodeIgniter.php(351): CodeIgniter\CodeIgniter->handleRequest(null, Object(Config\Cache), false)
12 FCPATH\index.php(69): CodeIgniter\CodeIgniter->run()
13 SYSTEMPATH\Commands\Server\rewrite.php(46): require_once('FCPATH\\index.php')
CRITICAL - 2026-06-26 23:52:28 --> Too few arguments to function CodeIgniter\View\Cell::__construct(), 0 passed in C:\xampp\htdocs\lab11_php_ci\ci4\system\View\Cell.php on line 83 and exactly 1 expected
in SYSTEMPATH\View\Cell.php on line 57.
 1 SYSTEMPATH\View\Cell.php(83): CodeIgniter\View\Cell->__construct()
 2 SYSTEMPATH\Common.php(1150): CodeIgniter\View\Cell->render('App\\Cells\\ArtikelTerkini::render', null, 0, 'AppCellsArtikelTerkinirenderdcca48101505dd86b703689a604fe3c4')
 3 APPPATH\Views\layout\main.php(24): view_cell('App\\Cells\\ArtikelTerkini::render')
 4 SYSTEMPATH\View\View.php(213): include('APPPATH\\Views\\layout\\main.php')
 5 SYSTEMPATH\View\View.php(216): CodeIgniter\View\View->CodeIgniter\View\{closure}()
 6 SYSTEMPATH\View\View.php(229): CodeIgniter\View\View->render('layout/main', [], true)
 7 SYSTEMPATH\Common.php(1134): CodeIgniter\View\View->render('home', [], true)
 8 APPPATH\Controllers\page.php(10): view('home', [...])
 9 SYSTEMPATH\CodeIgniter.php(927): App\Controllers\Page->home()
10 SYSTEMPATH\CodeIgniter.php(482): CodeIgniter\CodeIgniter->runController(Object(App\Controllers\Page))
11 SYSTEMPATH\CodeIgniter.php(351): CodeIgniter\CodeIgniter->handleRequest(null, Object(Config\Cache), false)
12 FCPATH\index.php(69): CodeIgniter\CodeIgniter->run()
